<?xml version="1.0" encoding="UTF-8"?>
<!-- Generated by org.testng.reporters.JUnitReportReporter -->
<testsuite hostname="LAP-0217" failures="0" tests="1" name="Flight.testcases.HomePageTestCase" time="11.418" errors="0" timestamp="2024-03-18T18:43:26 IST" skipped="0">
  <testcase classname="Flight.testcases.HomePageTestCase" name="returnCalenderUsingDataProvider" time="11.418"/>
</testsuite> <!-- Flight.testcases.HomePageTestCase -->
